# JRE version: OpenJDK Runtime Environment (11.0.2+9) (build 11.0.2+9)
# Java VM: OpenJDK 64-Bit Server VM (11.0.2+9, mixed mode, tiered, compressed oops, g1 gc, windows-amd64)
Heap:
 garbage-first heap   total 505856K, used 188395K [0x0000000740000000, 0x0000000800000000)
  region size 1024K, 34 young (34816K), 4 survivors (4096K)
 Metaspace       used 104500K, capacity 105703K, committed 109436K, reserved 1142784K
  class space    used 13761K, capacity 14229K, committed 15564K, reserved 1048576K
GC Heap History (10 events):
Event: 13488.646 GC heap before
{Heap before GC invocations=4522 (full 1641):
 garbage-first heap   total 505856K, used 213145K [0x0000000740000000, 0x0000000800000000)
  region size 1024K, 60 young (61440K), 2 survivors (2048K)
 Metaspace       used 104426K, capacity 105633K, committed 109436K, reserved 1142784K
  class space    used 13754K, capacity 14227K, committed 15564K, reserved 1048576K
}
Event: 13488.648 GC heap after
{Heap after GC invocations=4523 (full 1641):
 garbage-first heap   total 505856K, used 154105K [0x0000000740000000, 0x0000000800000000)
  region size 1024K, 3 young (3072K), 3 survivors (3072K)
 Metaspace       used 104426K, capacity 105633K, committed 109436K, reserved 1142784K
  class space    used 13754K, capacity 14227K, committed 15564K, reserved 1048576K
}
Event: 13489.396 GC heap before
{Heap before GC invocations=4523 (full 1641):
 garbage-first heap   total 505856K, used 212473K [0x0000000740000000, 0x0000000800000000)
  region size 1024K, 60 young (61440K), 3 survivors (3072K)
 Metaspace       used 104429K, capacity 105633K, committed 109436K, reserved 1142784K
  class space    used 13754K, capacity 14227K, committed 15564K, reserved 1048576K
}
Event: 13489.399 GC heap after
{Heap after GC invocations=4524 (full 1641):
 garbage-first heap   total 505856K, used 153993K [0x0000000740000000, 0x0000000800000000)
  region size 1024K, 4 young (4096K), 4 survivors (4096K)
 Metaspace       used 104429K, capacity 105633K, committed 109436K, reserved 1142784K
  class space    used 13754K, capacity 14227K, committed 15564K, reserved 1048576K
}
Event: 13490.378 GC heap before
{Heap before GC invocations=4524 (full 1641):
 garbage-first heap   total 505856K, used 211337K [0x0000000740000000, 0x0000000800000000)
  region size 1024K, 60 young (61440K), 4 survivors (4096K)
 Metaspace       used 104441K, capacity 105633K, committed 109436K, reserved 1142784K
  class space    used 13754K, capacity 14227K, committed 15564K, reserved 1048576K
}
Event: 13490.382 GC heap after
{Heap after GC invocations=4525 (full 1641):
 garbage-first heap   total 505856K, used 156061K [0x0000000740000000, 0x0000000800000000)
  region size 1024K, 6 young (6144K), 6 survivors (6144K)
 Metaspace       used 104441K, capacity 105633K, committed 109436K, reserved 1142784K
  class space    used 13754K, capacity 14227K, committed 15564K, reserved 1048576K
}
Event: 13493.036 GC heap before
{Heap before GC invocations=4525 (full 1641):
 garbage-first heap   total 505856K, used 211357K [0x0000000740000000, 0x0000000800000000)
  region size 1024K, 60 young (61440K), 6 survivors (6144K)
 Metaspace       used 104468K, capacity 105697K, committed 109436K, reserved 1142784K
  class space    used 13755K, capacity 14227K, committed 15564K, reserved 1048576K
}
Event: 13493.041 GC heap after
{Heap after GC invocations=4526 (full 1641):
 garbage-first heap   total 505856K, used 158771K [0x0000000740000000, 0x0000000800000000)
  region size 1024K, 6 young (6144K), 6 survivors (6144K)
 Metaspace       used 104468K, capacity 105697K, committed 109436K, reserved 1142784K
  class space    used 13755K, capacity 14227K, committed 15564K, reserved 1048576K
}
Event: 13506.922 GC heap before
{Heap before GC invocations=4526 (full 1641):
 garbage-first heap   total 505856K, used 214067K [0x0000000740000000, 0x0000000800000000)
  region size 1024K, 60 young (61440K), 6 survivors (6144K)
 Metaspace       used 104468K, capacity 105697K, committed 109436K, reserved 1142784K
  class space    used 13755K, capacity 14227K, committed 15564K, reserved 1048576K
}
Event: 13506.925 GC heap after
{Heap after GC invocations=4527 (full 1641):
 garbage-first heap   total 505856K, used 158699K [0x0000000740000000, 0x0000000800000000)
  region size 1024K, 4 young (4096K), 4 survivors (4096K)
 Metaspace       used 104468K, capacity 105697K, committed 109436K, reserved 1142784K
  class space    used 13755K, capacity 14227K, committed 15564K, reserved 1048576K
}

